<?xml version="1.0" encoding="UTF-8"?>
<testsuite xmlns:xsi="http://www.w3.org/2001/XMLSchema-instance" xsi:noNamespaceSchemaLocation="https://maven.apache.org/surefire/maven-surefire-plugin/xsd/surefire-test-report.xsd" name="Runner" time="80.526" tests="36" errors="0" skipped="18" failures="2">
  <properties>
    <property name="java.specification.version" value="18"/>
    <property name="sun.jnu.encoding" value="UTF-8"/>
    <property name="java.class.path" value="/Users/ahmetbulutluoz/Desktop/My Desktop/course/projeler/Team145_Cucumber/target/test-classes:/Users/ahmetbulutluoz/Desktop/My Desktop/course/projeler/Team145_Cucumber/target/classes:/Users/ahmetbulutluoz/.m2/repository/org/seleniumhq/selenium/selenium-java/4.25.0/selenium-java-4.25.0.jar:/Users/ahmetbulutluoz/.m2/repository/org/seleniumhq/selenium/selenium-api/4.25.0/selenium-api-4.25.0.jar:/Users/ahmetbulutluoz/.m2/repository/org/jspecify/jspecify/1.0.0/jspecify-1.0.0.jar:/Users/ahmetbulutluoz/.m2/repository/org/seleniumhq/selenium/selenium-chrome-driver/4.25.0/selenium-chrome-driver-4.25.0.jar:/Users/ahmetbulutluoz/.m2/repository/com/google/auto/service/auto-service-annotations/1.1.1/auto-service-annotations-1.1.1.jar:/Users/ahmetbulutluoz/.m2/repository/org/seleniumhq/selenium/selenium-chromium-driver/4.25.0/selenium-chromium-driver-4.25.0.jar:/Users/ahmetbulutluoz/.m2/repository/org/seleniumhq/selenium/selenium-json/4.25.0/selenium-json-4.25.0.jar:/Users/ahmetbulutluoz/.m2/repository/org/seleniumhq/selenium/selenium-manager/4.25.0/selenium-manager-4.25.0.jar:/Users/ahmetbulutluoz/.m2/repository/org/seleniumhq/selenium/selenium-devtools-v127/4.25.0/selenium-devtools-v127-4.25.0.jar:/Users/ahmetbulutluoz/.m2/repository/org/seleniumhq/selenium/selenium-devtools-v128/4.25.0/selenium-devtools-v128-4.25.0.jar:/Users/ahmetbulutluoz/.m2/repository/org/seleniumhq/selenium/selenium-devtools-v129/4.25.0/selenium-devtools-v129-4.25.0.jar:/Users/ahmetbulutluoz/.m2/repository/org/seleniumhq/selenium/selenium-devtools-v85/4.25.0/selenium-devtools-v85-4.25.0.jar:/Users/ahmetbulutluoz/.m2/repository/org/seleniumhq/selenium/selenium-edge-driver/4.25.0/selenium-edge-driver-4.25.0.jar:/Users/ahmetbulutluoz/.m2/repository/org/seleniumhq/selenium/selenium-firefox-driver/4.25.0/selenium-firefox-driver-4.25.0.jar:/Users/ahmetbulutluoz/.m2/repository/org/seleniumhq/selenium/selenium-http/4.25.0/selenium-http-4.25.0.jar:/Users/ahmetbulutluoz/.m2/repository/dev/failsafe/failsafe/3.3.2/failsafe-3.3.2.jar:/Users/ahmetbulutluoz/.m2/repository/org/seleniumhq/selenium/selenium-ie-driver/4.25.0/selenium-ie-driver-4.25.0.jar:/Users/ahmetbulutluoz/.m2/repository/org/seleniumhq/selenium/selenium-remote-driver/4.25.0/selenium-remote-driver-4.25.0.jar:/Users/ahmetbulutluoz/.m2/repository/com/google/guava/guava/33.3.0-jre/guava-33.3.0-jre.jar:/Users/ahmetbulutluoz/.m2/repository/com/google/guava/failureaccess/1.0.2/failureaccess-1.0.2.jar:/Users/ahmetbulutluoz/.m2/repository/com/google/guava/listenablefuture/9999.0-empty-to-avoid-conflict-with-guava/listenablefuture-9999.0-empty-to-avoid-conflict-with-guava.jar:/Users/ahmetbulutluoz/.m2/repository/com/google/code/findbugs/jsr305/3.0.2/jsr305-3.0.2.jar:/Users/ahmetbulutluoz/.m2/repository/org/checkerframework/checker-qual/3.43.0/checker-qual-3.43.0.jar:/Users/ahmetbulutluoz/.m2/repository/com/google/errorprone/error_prone_annotations/2.28.0/error_prone_annotations-2.28.0.jar:/Users/ahmetbulutluoz/.m2/repository/com/google/j2objc/j2objc-annotations/3.0.0/j2objc-annotations-3.0.0.jar:/Users/ahmetbulutluoz/.m2/repository/io/opentelemetry/semconv/opentelemetry-semconv/1.25.0-alpha/opentelemetry-semconv-1.25.0-alpha.jar:/Users/ahmetbulutluoz/.m2/repository/io/opentelemetry/opentelemetry-api/1.42.1/opentelemetry-api-1.42.1.jar:/Users/ahmetbulutluoz/.m2/repository/io/opentelemetry/opentelemetry-context/1.42.1/opentelemetry-context-1.42.1.jar:/Users/ahmetbulutluoz/.m2/repository/io/opentelemetry/opentelemetry-exporter-logging/1.42.1/opentelemetry-exporter-logging-1.42.1.jar:/Users/ahmetbulutluoz/.m2/repository/io/opentelemetry/opentelemetry-sdk-common/1.42.1/opentelemetry-sdk-common-1.42.1.jar:/Users/ahmetbulutluoz/.m2/repository/io/opentelemetry/opentelemetry-sdk-extension-autoconfigure-spi/1.42.1/opentelemetry-sdk-extension-autoconfigure-spi-1.42.1.jar:/Users/ahmetbulutluoz/.m2/repository/io/opentelemetry/opentelemetry-sdk-extension-autoconfigure/1.42.1/opentelemetry-sdk-extension-autoconfigure-1.42.1.jar:/Users/ahmetbulutluoz/.m2/repository/io/opentelemetry/opentelemetry-api-incubator/1.42.1-alpha/opentelemetry-api-incubator-1.42.1-alpha.jar:/Users/ahmetbulutluoz/.m2/repository/io/opentelemetry/opentelemetry-sdk-trace/1.42.1/opentelemetry-sdk-trace-1.42.1.jar:/Users/ahmetbulutluoz/.m2/repository/io/opentelemetry/opentelemetry-sdk/1.42.1/opentelemetry-sdk-1.42.1.jar:/Users/ahmetbulutluoz/.m2/repository/io/opentelemetry/opentelemetry-sdk-metrics/1.42.1/opentelemetry-sdk-metrics-1.42.1.jar:/Users/ahmetbulutluoz/.m2/repository/io/opentelemetry/opentelemetry-sdk-logs/1.42.1/opentelemetry-sdk-logs-1.42.1.jar:/Users/ahmetbulutluoz/.m2/repository/net/bytebuddy/byte-buddy/1.15.1/byte-buddy-1.15.1.jar:/Users/ahmetbulutluoz/.m2/repository/org/seleniumhq/selenium/selenium-os/4.25.0/selenium-os-4.25.0.jar:/Users/ahmetbulutluoz/.m2/repository/org/apache/commons/commons-exec/1.4.0/commons-exec-1.4.0.jar:/Users/ahmetbulutluoz/.m2/repository/org/seleniumhq/selenium/selenium-safari-driver/4.25.0/selenium-safari-driver-4.25.0.jar:/Users/ahmetbulutluoz/.m2/repository/org/seleniumhq/selenium/selenium-support/4.25.0/selenium-support-4.25.0.jar:/Users/ahmetbulutluoz/.m2/repository/io/cucumber/cucumber-java/7.19.0/cucumber-java-7.19.0.jar:/Users/ahmetbulutluoz/.m2/repository/io/cucumber/cucumber-core/7.19.0/cucumber-core-7.19.0.jar:/Users/ahmetbulutluoz/.m2/repository/io/cucumber/cucumber-gherkin/7.19.0/cucumber-gherkin-7.19.0.jar:/Users/ahmetbulutluoz/.m2/repository/io/cucumber/cucumber-gherkin-messages/7.19.0/cucumber-gherkin-messages-7.19.0.jar:/Users/ahmetbulutluoz/.m2/repository/io/cucumber/gherkin/28.0.0/gherkin-28.0.0.jar:/Users/ahmetbulutluoz/.m2/repository/io/cucumber/messages/24.1.0/messages-24.1.0.jar:/Users/ahmetbulutluoz/.m2/repository/io/cucumber/testng-xml-formatter/0.2.0/testng-xml-formatter-0.2.0.jar:/Users/ahmetbulutluoz/.m2/repository/io/cucumber/query/12.2.0/query-12.2.0.jar:/Users/ahmetbulutluoz/.m2/repository/io/cucumber/tag-expressions/6.1.0/tag-expressions-6.1.0.jar:/Users/ahmetbulutluoz/.m2/repository/io/cucumber/cucumber-expressions/17.1.0/cucumber-expressions-17.1.0.jar:/Users/ahmetbulutluoz/.m2/repository/io/cucumber/datatable/7.19.0/datatable-7.19.0.jar:/Users/ahmetbulutluoz/.m2/repository/io/cucumber/cucumber-plugin/7.19.0/cucumber-plugin-7.19.0.jar:/Users/ahmetbulutluoz/.m2/repository/io/cucumber/docstring/7.19.0/docstring-7.19.0.jar:/Users/ahmetbulutluoz/.m2/repository/io/cucumber/html-formatter/21.7.0/html-formatter-21.7.0.jar:/Users/ahmetbulutluoz/.m2/repository/io/cucumber/junit-xml-formatter/0.5.0/junit-xml-formatter-0.5.0.jar:/Users/ahmetbulutluoz/.m2/repository/io/cucumber/ci-environment/10.0.1/ci-environment-10.0.1.jar:/Users/ahmetbulutluoz/.m2/repository/org/apiguardian/apiguardian-api/1.1.2/apiguardian-api-1.1.2.jar:/Users/ahmetbulutluoz/.m2/repository/org/junit/platform/junit-platform-suite/1.11.1/junit-platform-suite-1.11.1.jar:/Users/ahmetbulutluoz/.m2/repository/org/junit/platform/junit-platform-suite-api/1.11.1/junit-platform-suite-api-1.11.1.jar:/Users/ahmetbulutluoz/.m2/repository/org/junit/platform/junit-platform-suite-engine/1.11.1/junit-platform-suite-engine-1.11.1.jar:/Users/ahmetbulutluoz/.m2/repository/org/junit/platform/junit-platform-suite-commons/1.11.1/junit-platform-suite-commons-1.11.1.jar:/Users/ahmetbulutluoz/.m2/repository/org/junit/platform/junit-platform-launcher/1.11.1/junit-platform-launcher-1.11.1.jar:/Users/ahmetbulutluoz/.m2/repository/io/cucumber/cucumber-junit-platform-engine/7.19.0/cucumber-junit-platform-engine-7.19.0.jar:/Users/ahmetbulutluoz/.m2/repository/org/junit/platform/junit-platform-engine/1.11.0/junit-platform-engine-1.11.0.jar:/Users/ahmetbulutluoz/.m2/repository/org/junit/jupiter/junit-jupiter-api/5.11.1/junit-jupiter-api-5.11.1.jar:/Users/ahmetbulutluoz/.m2/repository/org/opentest4j/opentest4j/1.3.0/opentest4j-1.3.0.jar:/Users/ahmetbulutluoz/.m2/repository/org/junit/platform/junit-platform-commons/1.11.1/junit-platform-commons-1.11.1.jar:/Users/ahmetbulutluoz/.m2/repository/org/apache/poi/poi/5.3.0/poi-5.3.0.jar:/Users/ahmetbulutluoz/.m2/repository/commons-codec/commons-codec/1.17.0/commons-codec-1.17.0.jar:/Users/ahmetbulutluoz/.m2/repository/org/apache/commons/commons-collections4/4.4/commons-collections4-4.4.jar:/Users/ahmetbulutluoz/.m2/repository/org/apache/commons/commons-math3/3.6.1/commons-math3-3.6.1.jar:/Users/ahmetbulutluoz/.m2/repository/commons-io/commons-io/2.16.1/commons-io-2.16.1.jar:/Users/ahmetbulutluoz/.m2/repository/com/zaxxer/SparseBitSet/1.3/SparseBitSet-1.3.jar:/Users/ahmetbulutluoz/.m2/repository/org/apache/logging/log4j/log4j-api/2.23.1/log4j-api-2.23.1.jar:/Users/ahmetbulutluoz/.m2/repository/org/apache/poi/poi-ooxml/5.3.0/poi-ooxml-5.3.0.jar:/Users/ahmetbulutluoz/.m2/repository/org/apache/poi/poi-ooxml-lite/5.3.0/poi-ooxml-lite-5.3.0.jar:/Users/ahmetbulutluoz/.m2/repository/org/apache/xmlbeans/xmlbeans/5.2.1/xmlbeans-5.2.1.jar:/Users/ahmetbulutluoz/.m2/repository/org/apache/commons/commons-compress/1.26.2/commons-compress-1.26.2.jar:/Users/ahmetbulutluoz/.m2/repository/com/github/virtuald/curvesapi/1.08/curvesapi-1.08.jar:/Users/ahmetbulutluoz/.m2/repository/com/github/javafaker/javafaker/1.0.2/javafaker-1.0.2.jar:/Users/ahmetbulutluoz/.m2/repository/org/apache/commons/commons-lang3/3.5/commons-lang3-3.5.jar:/Users/ahmetbulutluoz/.m2/repository/org/yaml/snakeyaml/1.23/snakeyaml-1.23-android.jar:/Users/ahmetbulutluoz/.m2/repository/com/github/mifmif/generex/1.0.2/generex-1.0.2.jar:/Users/ahmetbulutluoz/.m2/repository/dk/brics/automaton/automaton/1.11-8/automaton-1.11-8.jar:"/>
    <property name="java.vm.vendor" value="Homebrew"/>
    <property name="sun.arch.data.model" value="64"/>
    <property name="java.vendor.url" value="https://github.com/Homebrew/homebrew-core/issues"/>
    <property name="os.name" value="Mac OS X"/>
    <property name="java.vm.specification.version" value="18"/>
    <property name="sun.java.launcher" value="SUN_STANDARD"/>
    <property name="user.country" value="NL"/>
    <property name="sun.boot.library.path" value="/opt/homebrew/Cellar/openjdk/18.0.2/libexec/openjdk.jdk/Contents/Home/lib"/>
    <property name="sun.java.command" value="/Users/ahmetbulutluoz/Desktop/My Desktop/course/projeler/Team145_Cucumber/target/surefire/surefirebooter9609631524965703818.jar /Users/ahmetbulutluoz/Desktop/My Desktop/course/projeler/Team145_Cucumber/target/surefire 2024-10-09T20-18-53_784-jvmRun1 surefire18049423887127733854tmp surefire_010500624313488357066tmp"/>
    <property name="http.nonProxyHosts" value="local|*.local|169.254/16|*.169.254/16"/>
    <property name="jdk.debug" value="release"/>
    <property name="surefire.test.class.path" value="/Users/ahmetbulutluoz/Desktop/My Desktop/course/projeler/Team145_Cucumber/target/test-classes:/Users/ahmetbulutluoz/Desktop/My Desktop/course/projeler/Team145_Cucumber/target/classes:/Users/ahmetbulutluoz/.m2/repository/org/seleniumhq/selenium/selenium-java/4.25.0/selenium-java-4.25.0.jar:/Users/ahmetbulutluoz/.m2/repository/org/seleniumhq/selenium/selenium-api/4.25.0/selenium-api-4.25.0.jar:/Users/ahmetbulutluoz/.m2/repository/org/jspecify/jspecify/1.0.0/jspecify-1.0.0.jar:/Users/ahmetbulutluoz/.m2/repository/org/seleniumhq/selenium/selenium-chrome-driver/4.25.0/selenium-chrome-driver-4.25.0.jar:/Users/ahmetbulutluoz/.m2/repository/com/google/auto/service/auto-service-annotations/1.1.1/auto-service-annotations-1.1.1.jar:/Users/ahmetbulutluoz/.m2/repository/org/seleniumhq/selenium/selenium-chromium-driver/4.25.0/selenium-chromium-driver-4.25.0.jar:/Users/ahmetbulutluoz/.m2/repository/org/seleniumhq/selenium/selenium-json/4.25.0/selenium-json-4.25.0.jar:/Users/ahmetbulutluoz/.m2/repository/org/seleniumhq/selenium/selenium-manager/4.25.0/selenium-manager-4.25.0.jar:/Users/ahmetbulutluoz/.m2/repository/org/seleniumhq/selenium/selenium-devtools-v127/4.25.0/selenium-devtools-v127-4.25.0.jar:/Users/ahmetbulutluoz/.m2/repository/org/seleniumhq/selenium/selenium-devtools-v128/4.25.0/selenium-devtools-v128-4.25.0.jar:/Users/ahmetbulutluoz/.m2/repository/org/seleniumhq/selenium/selenium-devtools-v129/4.25.0/selenium-devtools-v129-4.25.0.jar:/Users/ahmetbulutluoz/.m2/repository/org/seleniumhq/selenium/selenium-devtools-v85/4.25.0/selenium-devtools-v85-4.25.0.jar:/Users/ahmetbulutluoz/.m2/repository/org/seleniumhq/selenium/selenium-edge-driver/4.25.0/selenium-edge-driver-4.25.0.jar:/Users/ahmetbulutluoz/.m2/repository/org/seleniumhq/selenium/selenium-firefox-driver/4.25.0/selenium-firefox-driver-4.25.0.jar:/Users/ahmetbulutluoz/.m2/repository/org/seleniumhq/selenium/selenium-http/4.25.0/selenium-http-4.25.0.jar:/Users/ahmetbulutluoz/.m2/repository/dev/failsafe/failsafe/3.3.2/failsafe-3.3.2.jar:/Users/ahmetbulutluoz/.m2/repository/org/seleniumhq/selenium/selenium-ie-driver/4.25.0/selenium-ie-driver-4.25.0.jar:/Users/ahmetbulutluoz/.m2/repository/org/seleniumhq/selenium/selenium-remote-driver/4.25.0/selenium-remote-driver-4.25.0.jar:/Users/ahmetbulutluoz/.m2/repository/com/google/guava/guava/33.3.0-jre/guava-33.3.0-jre.jar:/Users/ahmetbulutluoz/.m2/repository/com/google/guava/failureaccess/1.0.2/failureaccess-1.0.2.jar:/Users/ahmetbulutluoz/.m2/repository/com/google/guava/listenablefuture/9999.0-empty-to-avoid-conflict-with-guava/listenablefuture-9999.0-empty-to-avoid-conflict-with-guava.jar:/Users/ahmetbulutluoz/.m2/repository/com/google/code/findbugs/jsr305/3.0.2/jsr305-3.0.2.jar:/Users/ahmetbulutluoz/.m2/repository/org/checkerframework/checker-qual/3.43.0/checker-qual-3.43.0.jar:/Users/ahmetbulutluoz/.m2/repository/com/google/errorprone/error_prone_annotations/2.28.0/error_prone_annotations-2.28.0.jar:/Users/ahmetbulutluoz/.m2/repository/com/google/j2objc/j2objc-annotations/3.0.0/j2objc-annotations-3.0.0.jar:/Users/ahmetbulutluoz/.m2/repository/io/opentelemetry/semconv/opentelemetry-semconv/1.25.0-alpha/opentelemetry-semconv-1.25.0-alpha.jar:/Users/ahmetbulutluoz/.m2/repository/io/opentelemetry/opentelemetry-api/1.42.1/opentelemetry-api-1.42.1.jar:/Users/ahmetbulutluoz/.m2/repository/io/opentelemetry/opentelemetry-context/1.42.1/opentelemetry-context-1.42.1.jar:/Users/ahmetbulutluoz/.m2/repository/io/opentelemetry/opentelemetry-exporter-logging/1.42.1/opentelemetry-exporter-logging-1.42.1.jar:/Users/ahmetbulutluoz/.m2/repository/io/opentelemetry/opentelemetry-sdk-common/1.42.1/opentelemetry-sdk-common-1.42.1.jar:/Users/ahmetbulutluoz/.m2/repository/io/opentelemetry/opentelemetry-sdk-extension-autoconfigure-spi/1.42.1/opentelemetry-sdk-extension-autoconfigure-spi-1.42.1.jar:/Users/ahmetbulutluoz/.m2/repository/io/opentelemetry/opentelemetry-sdk-extension-autoconfigure/1.42.1/opentelemetry-sdk-extension-autoconfigure-1.42.1.jar:/Users/ahmetbulutluoz/.m2/repository/io/opentelemetry/opentelemetry-api-incubator/1.42.1-alpha/opentelemetry-api-incubator-1.42.1-alpha.jar:/Users/ahmetbulutluoz/.m2/repository/io/opentelemetry/opentelemetry-sdk-trace/1.42.1/opentelemetry-sdk-trace-1.42.1.jar:/Users/ahmetbulutluoz/.m2/repository/io/opentelemetry/opentelemetry-sdk/1.42.1/opentelemetry-sdk-1.42.1.jar:/Users/ahmetbulutluoz/.m2/repository/io/opentelemetry/opentelemetry-sdk-metrics/1.42.1/opentelemetry-sdk-metrics-1.42.1.jar:/Users/ahmetbulutluoz/.m2/repository/io/opentelemetry/opentelemetry-sdk-logs/1.42.1/opentelemetry-sdk-logs-1.42.1.jar:/Users/ahmetbulutluoz/.m2/repository/net/bytebuddy/byte-buddy/1.15.1/byte-buddy-1.15.1.jar:/Users/ahmetbulutluoz/.m2/repository/org/seleniumhq/selenium/selenium-os/4.25.0/selenium-os-4.25.0.jar:/Users/ahmetbulutluoz/.m2/repository/org/apache/commons/commons-exec/1.4.0/commons-exec-1.4.0.jar:/Users/ahmetbulutluoz/.m2/repository/org/seleniumhq/selenium/selenium-safari-driver/4.25.0/selenium-safari-driver-4.25.0.jar:/Users/ahmetbulutluoz/.m2/repository/org/seleniumhq/selenium/selenium-support/4.25.0/selenium-support-4.25.0.jar:/Users/ahmetbulutluoz/.m2/repository/io/cucumber/cucumber-java/7.19.0/cucumber-java-7.19.0.jar:/Users/ahmetbulutluoz/.m2/repository/io/cucumber/cucumber-core/7.19.0/cucumber-core-7.19.0.jar:/Users/ahmetbulutluoz/.m2/repository/io/cucumber/cucumber-gherkin/7.19.0/cucumber-gherkin-7.19.0.jar:/Users/ahmetbulutluoz/.m2/repository/io/cucumber/cucumber-gherkin-messages/7.19.0/cucumber-gherkin-messages-7.19.0.jar:/Users/ahmetbulutluoz/.m2/repository/io/cucumber/gherkin/28.0.0/gherkin-28.0.0.jar:/Users/ahmetbulutluoz/.m2/repository/io/cucumber/messages/24.1.0/messages-24.1.0.jar:/Users/ahmetbulutluoz/.m2/repository/io/cucumber/testng-xml-formatter/0.2.0/testng-xml-formatter-0.2.0.jar:/Users/ahmetbulutluoz/.m2/repository/io/cucumber/query/12.2.0/query-12.2.0.jar:/Users/ahmetbulutluoz/.m2/repository/io/cucumber/tag-expressions/6.1.0/tag-expressions-6.1.0.jar:/Users/ahmetbulutluoz/.m2/repository/io/cucumber/cucumber-expressions/17.1.0/cucumber-expressions-17.1.0.jar:/Users/ahmetbulutluoz/.m2/repository/io/cucumber/datatable/7.19.0/datatable-7.19.0.jar:/Users/ahmetbulutluoz/.m2/repository/io/cucumber/cucumber-plugin/7.19.0/cucumber-plugin-7.19.0.jar:/Users/ahmetbulutluoz/.m2/repository/io/cucumber/docstring/7.19.0/docstring-7.19.0.jar:/Users/ahmetbulutluoz/.m2/repository/io/cucumber/html-formatter/21.7.0/html-formatter-21.7.0.jar:/Users/ahmetbulutluoz/.m2/repository/io/cucumber/junit-xml-formatter/0.5.0/junit-xml-formatter-0.5.0.jar:/Users/ahmetbulutluoz/.m2/repository/io/cucumber/ci-environment/10.0.1/ci-environment-10.0.1.jar:/Users/ahmetbulutluoz/.m2/repository/org/apiguardian/apiguardian-api/1.1.2/apiguardian-api-1.1.2.jar:/Users/ahmetbulutluoz/.m2/repository/org/junit/platform/junit-platform-suite/1.11.1/junit-platform-suite-1.11.1.jar:/Users/ahmetbulutluoz/.m2/repository/org/junit/platform/junit-platform-suite-api/1.11.1/junit-platform-suite-api-1.11.1.jar:/Users/ahmetbulutluoz/.m2/repository/org/junit/platform/junit-platform-suite-engine/1.11.1/junit-platform-suite-engine-1.11.1.jar:/Users/ahmetbulutluoz/.m2/repository/org/junit/platform/junit-platform-suite-commons/1.11.1/junit-platform-suite-commons-1.11.1.jar:/Users/ahmetbulutluoz/.m2/repository/org/junit/platform/junit-platform-launcher/1.11.1/junit-platform-launcher-1.11.1.jar:/Users/ahmetbulutluoz/.m2/repository/io/cucumber/cucumber-junit-platform-engine/7.19.0/cucumber-junit-platform-engine-7.19.0.jar:/Users/ahmetbulutluoz/.m2/repository/org/junit/platform/junit-platform-engine/1.11.0/junit-platform-engine-1.11.0.jar:/Users/ahmetbulutluoz/.m2/repository/org/junit/jupiter/junit-jupiter-api/5.11.1/junit-jupiter-api-5.11.1.jar:/Users/ahmetbulutluoz/.m2/repository/org/opentest4j/opentest4j/1.3.0/opentest4j-1.3.0.jar:/Users/ahmetbulutluoz/.m2/repository/org/junit/platform/junit-platform-commons/1.11.1/junit-platform-commons-1.11.1.jar:/Users/ahmetbulutluoz/.m2/repository/org/apache/poi/poi/5.3.0/poi-5.3.0.jar:/Users/ahmetbulutluoz/.m2/repository/commons-codec/commons-codec/1.17.0/commons-codec-1.17.0.jar:/Users/ahmetbulutluoz/.m2/repository/org/apache/commons/commons-collections4/4.4/commons-collections4-4.4.jar:/Users/ahmetbulutluoz/.m2/repository/org/apache/commons/commons-math3/3.6.1/commons-math3-3.6.1.jar:/Users/ahmetbulutluoz/.m2/repository/commons-io/commons-io/2.16.1/commons-io-2.16.1.jar:/Users/ahmetbulutluoz/.m2/repository/com/zaxxer/SparseBitSet/1.3/SparseBitSet-1.3.jar:/Users/ahmetbulutluoz/.m2/repository/org/apache/logging/log4j/log4j-api/2.23.1/log4j-api-2.23.1.jar:/Users/ahmetbulutluoz/.m2/repository/org/apache/poi/poi-ooxml/5.3.0/poi-ooxml-5.3.0.jar:/Users/ahmetbulutluoz/.m2/repository/org/apache/poi/poi-ooxml-lite/5.3.0/poi-ooxml-lite-5.3.0.jar:/Users/ahmetbulutluoz/.m2/repository/org/apache/xmlbeans/xmlbeans/5.2.1/xmlbeans-5.2.1.jar:/Users/ahmetbulutluoz/.m2/repository/org/apache/commons/commons-compress/1.26.2/commons-compress-1.26.2.jar:/Users/ahmetbulutluoz/.m2/repository/com/github/virtuald/curvesapi/1.08/curvesapi-1.08.jar:/Users/ahmetbulutluoz/.m2/repository/com/github/javafaker/javafaker/1.0.2/javafaker-1.0.2.jar:/Users/ahmetbulutluoz/.m2/repository/org/apache/commons/commons-lang3/3.5/commons-lang3-3.5.jar:/Users/ahmetbulutluoz/.m2/repository/org/yaml/snakeyaml/1.23/snakeyaml-1.23-android.jar:/Users/ahmetbulutluoz/.m2/repository/com/github/mifmif/generex/1.0.2/generex-1.0.2.jar:/Users/ahmetbulutluoz/.m2/repository/dk/brics/automaton/automaton/1.11-8/automaton-1.11-8.jar:"/>
    <property name="sun.cpu.endian" value="little"/>
    <property name="user.home" value="/Users/ahmetbulutluoz"/>
    <property name="user.language" value="en"/>
    <property name="java.specification.vendor" value="Oracle Corporation"/>
    <property name="java.version.date" value="2022-07-19"/>
    <property name="java.home" value="/opt/homebrew/Cellar/openjdk/18.0.2/libexec/openjdk.jdk/Contents/Home"/>
    <property name="file.separator" value="/"/>
    <property name="basedir" value="/Users/ahmetbulutluoz/Desktop/My Desktop/course/projeler/Team145_Cucumber"/>
    <property name="java.vm.compressedOopsMode" value="Zero based"/>
    <property name="line.separator" value="&#10;"/>
    <property name="java.vm.specification.vendor" value="Oracle Corporation"/>
    <property name="java.specification.name" value="Java Platform API Specification"/>
    <property name="apple.awt.application.name" value="ForkedBooter"/>
    <property name="surefire.real.class.path" value="/Users/ahmetbulutluoz/Desktop/My Desktop/course/projeler/Team145_Cucumber/target/surefire/surefirebooter9609631524965703818.jar"/>
    <property name="sun.management.compiler" value="HotSpot 64-Bit Tiered Compilers"/>
    <property name="ftp.nonProxyHosts" value="local|*.local|169.254/16|*.169.254/16"/>
    <property name="java.runtime.version" value="18.0.2+0"/>
    <property name="user.name" value="ahmetbulutluoz"/>
    <property name="path.separator" value=":"/>
    <property name="os.version" value="15.0.1"/>
    <property name="java.runtime.name" value="OpenJDK Runtime Environment"/>
    <property name="file.encoding" value="UTF-8"/>
    <property name="java.vm.name" value="OpenJDK 64-Bit Server VM"/>
    <property name="java.vendor.version" value="Homebrew"/>
    <property name="localRepository" value="/Users/ahmetbulutluoz/.m2/repository"/>
    <property name="java.vendor.url.bug" value="https://github.com/Homebrew/homebrew-core/issues"/>
    <property name="java.io.tmpdir" value="/var/folders/k5/tn4cs92s1h37ttm_c9jbh3wm0000gn/T/"/>
    <property name="java.version" value="18.0.2"/>
    <property name="user.dir" value="/Users/ahmetbulutluoz/Desktop/My Desktop/course/projeler/Team145_Cucumber"/>
    <property name="os.arch" value="aarch64"/>
    <property name="java.vm.specification.name" value="Java Virtual Machine Specification"/>
    <property name="native.encoding" value="US-ASCII"/>
    <property name="java.library.path" value="/Users/ahmetbulutluoz/Library/Java/Extensions:/Library/Java/Extensions:/Network/Library/Java/Extensions:/System/Library/Java/Extensions:/usr/lib/java:."/>
    <property name="java.vm.info" value="mixed mode, sharing"/>
    <property name="java.vendor" value="Homebrew"/>
    <property name="java.vm.version" value="18.0.2+0"/>
    <property name="sun.io.unicode.encoding" value="UnicodeBig"/>
    <property name="socksNonProxyHosts" value="local|*.local|169.254/16|*.169.254/16"/>
    <property name="java.class.version" value="62.0"/>
  </properties>
  <testcase name="TC01 kullanici phone arattiginda urun bulabilmeli" classname="io.cucumber.junit.platform.engine.CucumberTestEngine" time="0">
    <skipped message="&apos;cucumber.filter.tags=@smoke&apos; did not match this scenario"/>
    <system-err><![CDATA[Oct 09, 2024 8:18:54 PM io.cucumber.junit.platform.engine.DiscoverySelectorResolver warnWhenCucumberFeaturesPropertyIsUsed
WARNING: Discovering tests using the cucumber.features property. Other discovery selectors are ignored!

This is a work around for the limited JUnit 5 support in Maven and Gradle. Please request/upvote/sponsor/ect better support for JUnit 5 discovery selectors. For details see: https://github.com/cucumber/cucumber-jvm/pull/2498

If you are using the JUnit 5 Suite Engine, Platform Launcher API or Console Launcher you should not use this property. Please consult the JUnit 5 documentation on test selection.
]]></system-err>
  </testcase>
  <testcase name="TC02 kullanici dress arattiginda urun bulabilmeli" classname="io.cucumber.junit.platform.engine.CucumberTestEngine" time="0">
    <skipped message="&apos;cucumber.filter.tags=@smoke&apos; did not match this scenario"/>
  </testcase>
  <testcase name="TC03 kullanici baby arattiginda urun bulabilmeli" classname="io.cucumber.junit.platform.engine.CucumberTestEngine" time="0">
    <skipped message="&apos;cucumber.filter.tags=@smoke&apos; did not match this scenario"/>
  </testcase>
  <testcase name="TC04 kullanici phone arattiginda urun bulabilmeli" classname="io.cucumber.junit.platform.engine.CucumberTestEngine" time="0">
    <skipped message="&apos;cucumber.filter.tags=@smoke&apos; did not match this scenario"/>
  </testcase>
  <testcase name="TC05 kullanici dress arattiginda urun bulabilmeli" classname="io.cucumber.junit.platform.engine.CucumberTestEngine" time="0">
    <skipped message="&apos;cucumber.filter.tags=@smoke&apos; did not match this scenario"/>
  </testcase>
  <testcase name="TC06 kullanici baby arattiginda urun bulabilmeli" classname="io.cucumber.junit.platform.engine.CucumberTestEngine" time="0">
    <skipped message="&apos;cucumber.filter.tags=@smoke&apos; did not match this scenario"/>
  </testcase>
  <testcase name="TC07 kullanici istedigi kelimeyi aratabilmeli" classname="io.cucumber.junit.platform.engine.CucumberTestEngine" time="10.357"/>
  <testcase name="TC08 kullanici gecerli bilgilerle giris yapabilmeli" classname="io.cucumber.junit.platform.engine.CucumberTestEngine" time="5.58"/>
  <testcase name="TC09 gecersiz email ile giris yapilamamali" classname="io.cucumber.junit.platform.engine.CucumberTestEngine" time="6.753"/>
  <testcase name="TC10 gecersiz password ile giris yapilamamali" classname="io.cucumber.junit.platform.engine.CucumberTestEngine" time="0">
    <skipped message="&apos;cucumber.filter.tags=@smoke&apos; did not match this scenario"/>
  </testcase>
  <testcase name="TC11 gecersiz email gecersiz password testi" classname="io.cucumber.junit.platform.engine.CucumberTestEngine" time="0">
    <skipped message="&apos;cucumber.filter.tags=@smoke&apos; did not match this scenario"/>
  </testcase>
  <testcase name="TC12 kullanici url&apos;i dinamik olarak girebilmeli" classname="io.cucumber.junit.platform.engine.CucumberTestEngine" time="0">
    <skipped message="&apos;cucumber.filter.tags=@smoke&apos; did not match this scenario"/>
  </testcase>
  <testcase name="TC13 kullanici fakerdan degerlerle kayit olusturabilmeli" classname="io.cucumber.junit.platform.engine.CucumberTestEngine" time="0">
    <skipped message="&apos;cucumber.filter.tags=@smoke&apos; did not match this scenario"/>
  </testcase>
  <testcase name="TC14 kullanici sectigi urunu satin alabilmeli" classname="io.cucumber.junit.platform.engine.CucumberTestEngine" time="0">
    <skipped message="&apos;cucumber.filter.tags=@smoke&apos; did not match this scenario"/>
  </testcase>
  <testcase name="TC15 kullanici elementlerin goruntulenmesini bekleyebilmeli" classname="io.cucumber.junit.platform.engine.CucumberTestEngine" time="0">
    <skipped message="&apos;cucumber.filter.tags=@smoke&apos; did not match this scenario"/>
  </testcase>
  <testcase name="Example #1.1" classname="io.cucumber.junit.platform.engine.CucumberTestEngine" time="4.777"/>
  <testcase name="Example #1.1" classname="io.cucumber.junit.platform.engine.CucumberTestEngine" time="0">
    <skipped message="&apos;cucumber.filter.tags=@smoke&apos; did not match this scenario"/>
  </testcase>
  <testcase name="Example #1.1" classname="io.cucumber.junit.platform.engine.CucumberTestEngine" time="4.087"/>
  <testcase name="Example #1.2" classname="io.cucumber.junit.platform.engine.CucumberTestEngine" time="3.695">
    <failure message="expected: not equal but was: &lt;0 Products Found&gt;" type="org.opentest4j.AssertionFailedError"><![CDATA[org.opentest4j.AssertionFailedError: expected: not equal but was: <0 Products Found>
]]></failure>
    <system-out><![CDATA[
@smoke
Scenario Outline: TC16 liste olarak verilen urunler icin arama yapilabilmeli &amp#27;[90m# src/test/resources/features/US1010_TestotomasyonuTopluAramaTest.feature:16&amp#27;[0m
  &amp#27;[32mGiven &amp#27;[0m&amp#27;[32mkullanici &amp#27;[0m&amp#27;[32m&amp#27;[1m"toUrl"&amp#27;[0m&amp#27;[32m anasayfaya gider&amp#27;[0m                                   &amp#27;[90m# stepdefinitions.TestotomasyonuStepdefinitions.kullanici_anasayfaya_gider(java.lang.String)&amp#27;[0m
  &amp#27;[32mThen &amp#27;[0m&amp#27;[32marama kutusuna &amp#27;[0m&amp#27;[32m&amp#27;[1m"java"&amp#27;[0m&amp#27;[32m yazip aratir&amp#27;[0m                                    &amp#27;[90m# stepdefinitions.TestotomasyonuStepdefinitions.aramaKutusunaYazipAratir(java.lang.String)&amp#27;[0m
  &amp#27;[31mAnd &amp#27;[0m&amp#27;[31marama sonucunda urun bulunabildigini test eder&amp#27;[0m                         &amp#27;[90m# stepdefinitions.TestotomasyonuStepdefinitions.arama_sonucunda_urun_bulunabildigini_test_eder()&amp#27;[0m
      &amp#27;[31morg.opentest4j.AssertionFailedError: expected: not equal but was: <0 Products Found>
	at org.junit.jupiter.api.AssertionFailureBuilder.build(AssertionFailureBuilder.java:152)
	at org.junit.jupiter.api.AssertionFailureBuilder.buildAndThrow(AssertionFailureBuilder.java:132)
	at org.junit.jupiter.api.AssertNotEquals.failEqual(AssertNotEquals.java:277)
	at org.junit.jupiter.api.AssertNotEquals.assertNotEquals(AssertNotEquals.java:263)
	at org.junit.jupiter.api.AssertNotEquals.assertNotEquals(AssertNotEquals.java:258)
	at org.junit.jupiter.api.Assertions.assertNotEquals(Assertions.java:2819)
	at stepdefinitions.TestotomasyonuStepdefinitions.arama_sonucunda_urun_bulunabildigini_test_eder(TestotomasyonuStepdefinitions.java:32)
	at ✽.arama sonucunda urun bulunabildigini test eder(file:///Users/ahmetbulutluoz/Desktop/My%20Desktop/course/projeler/Team145_Cucumber/src/test/resources/features/US1010_TestotomasyonuTopluAramaTest.feature:9)
&amp#27;[0m
  &amp#27;[36mThen &amp#27;[0m&amp#27;[36m&amp#27;[0m&amp#27;[36m&amp#27;[1m1&amp#27;[0m&amp#27;[36m saniye bekler&amp#27;[0m                                                       &amp#27;[90m# stepdefinitions.TestotomasyonuStepdefinitions.saniyeBekler(int)&amp#27;[0m

    Embedding screenshots [image/png 179463 bytes]

]]></system-out>
  </testcase>
  <testcase name="Example #1.2" classname="io.cucumber.junit.platform.engine.CucumberTestEngine" time="0">
    <skipped message="&apos;cucumber.filter.tags=@smoke&apos; did not match this scenario"/>
  </testcase>
  <testcase name="Example #1.2" classname="io.cucumber.junit.platform.engine.CucumberTestEngine" time="3.33"/>
  <testcase name="Example #1.3" classname="io.cucumber.junit.platform.engine.CucumberTestEngine" time="4.42"/>
  <testcase name="Example #1.3" classname="io.cucumber.junit.platform.engine.CucumberTestEngine" time="0">
    <skipped message="&apos;cucumber.filter.tags=@smoke&apos; did not match this scenario"/>
  </testcase>
  <testcase name="Example #1.3" classname="io.cucumber.junit.platform.engine.CucumberTestEngine" time="3.421"/>
  <testcase name="Example #1.4" classname="io.cucumber.junit.platform.engine.CucumberTestEngine" time="3.17">
    <failure message="expected: not equal but was: &lt;0 Products Found&gt;" type="org.opentest4j.AssertionFailedError"><![CDATA[org.opentest4j.AssertionFailedError: expected: not equal but was: <0 Products Found>
]]></failure>
    <system-out><![CDATA[
@smoke
Scenario Outline: TC16 liste olarak verilen urunler icin arama yapilabilmeli &amp#27;[90m# src/test/resources/features/US1010_TestotomasyonuTopluAramaTest.feature:18&amp#27;[0m
  &amp#27;[32mGiven &amp#27;[0m&amp#27;[32mkullanici &amp#27;[0m&amp#27;[32m&amp#27;[1m"toUrl"&amp#27;[0m&amp#27;[32m anasayfaya gider&amp#27;[0m                                   &amp#27;[90m# stepdefinitions.TestotomasyonuStepdefinitions.kullanici_anasayfaya_gider(java.lang.String)&amp#27;[0m
  &amp#27;[32mThen &amp#27;[0m&amp#27;[32marama kutusuna &amp#27;[0m&amp#27;[32m&amp#27;[1m"nutella"&amp#27;[0m&amp#27;[32m yazip aratir&amp#27;[0m                                 &amp#27;[90m# stepdefinitions.TestotomasyonuStepdefinitions.aramaKutusunaYazipAratir(java.lang.String)&amp#27;[0m
  &amp#27;[31mAnd &amp#27;[0m&amp#27;[31marama sonucunda urun bulunabildigini test eder&amp#27;[0m                         &amp#27;[90m# stepdefinitions.TestotomasyonuStepdefinitions.arama_sonucunda_urun_bulunabildigini_test_eder()&amp#27;[0m
      &amp#27;[31morg.opentest4j.AssertionFailedError: expected: not equal but was: <0 Products Found>
	at org.junit.jupiter.api.AssertionFailureBuilder.build(AssertionFailureBuilder.java:152)
	at org.junit.jupiter.api.AssertionFailureBuilder.buildAndThrow(AssertionFailureBuilder.java:132)
	at org.junit.jupiter.api.AssertNotEquals.failEqual(AssertNotEquals.java:277)
	at org.junit.jupiter.api.AssertNotEquals.assertNotEquals(AssertNotEquals.java:263)
	at org.junit.jupiter.api.AssertNotEquals.assertNotEquals(AssertNotEquals.java:258)
	at org.junit.jupiter.api.Assertions.assertNotEquals(Assertions.java:2819)
	at stepdefinitions.TestotomasyonuStepdefinitions.arama_sonucunda_urun_bulunabildigini_test_eder(TestotomasyonuStepdefinitions.java:32)
	at ✽.arama sonucunda urun bulunabildigini test eder(file:///Users/ahmetbulutluoz/Desktop/My%20Desktop/course/projeler/Team145_Cucumber/src/test/resources/features/US1010_TestotomasyonuTopluAramaTest.feature:9)
&amp#27;[0m
  &amp#27;[36mThen &amp#27;[0m&amp#27;[36m&amp#27;[0m&amp#27;[36m&amp#27;[1m1&amp#27;[0m&amp#27;[36m saniye bekler&amp#27;[0m                                                       &amp#27;[90m# stepdefinitions.TestotomasyonuStepdefinitions.saniyeBekler(int)&amp#27;[0m

    Embedding screenshots [image/png 150324 bytes]

]]></system-out>
  </testcase>
  <testcase name="Example #1.4" classname="io.cucumber.junit.platform.engine.CucumberTestEngine" time="0">
    <skipped message="&apos;cucumber.filter.tags=@smoke&apos; did not match this scenario"/>
  </testcase>
  <testcase name="Example #1.4" classname="io.cucumber.junit.platform.engine.CucumberTestEngine" time="3.297"/>
  <testcase name="Example #1.5" classname="io.cucumber.junit.platform.engine.CucumberTestEngine" time="4.392"/>
  <testcase name="Example #1.5" classname="io.cucumber.junit.platform.engine.CucumberTestEngine" time="0">
    <skipped message="&apos;cucumber.filter.tags=@smoke&apos; did not match this scenario"/>
  </testcase>
  <testcase name="Example #1.5" classname="io.cucumber.junit.platform.engine.CucumberTestEngine" time="3.649"/>
  <testcase name="Example #1.6" classname="io.cucumber.junit.platform.engine.CucumberTestEngine" time="4.326"/>
  <testcase name="Example #1.6" classname="io.cucumber.junit.platform.engine.CucumberTestEngine" time="3.172"/>
  <testcase name="Example #1.7" classname="io.cucumber.junit.platform.engine.CucumberTestEngine" time="4.549"/>
  <testcase name="Example #1.7" classname="io.cucumber.junit.platform.engine.CucumberTestEngine" time="3.379"/>
  <testcase name="Example #1.8" classname="io.cucumber.junit.platform.engine.CucumberTestEngine" time="3.975"/>
  <testcase name="TC19 fake degerler ile giris yapilamamali" classname="io.cucumber.junit.platform.engine.CucumberTestEngine" time="0">
    <skipped message="&apos;cucumber.filter.tags=@smoke&apos; did not match this scenario"/>
  </testcase>
</testsuite>